<?xml version="1.0" encoding="UTF-8"?>
<!-- Generated by org.testng.reporters.JUnitXMLReporter -->
<testsuite hostname="manuelfvalless" name="Default test" tests="1" failures="1" timestamp="22 Oct 2018 13:54:37 GMT" time="9.45" errors="0">
  <testcase name="testJenkins" time="9.409" classname="demoJenkins.DemoJenkinsJobs">
    <failure type="org.openqa.selenium.ElementNotInteractableException" message="You may only interact with visible elements
Build info: version: &amp;apos;3.13.0&amp;apos;, revision: &amp;apos;2f0d292&amp;apos;, time: &amp;apos;2018-06-25T15:32:19.891Z&amp;apos;
System info: host: &amp;apos;MANUELFVALLESS&amp;apos;, ip: &amp;apos;192.168.0.145&amp;apos;, os.name: &amp;apos;Windows 7&amp;apos;, os.arch: &amp;apos;amd64&amp;apos;, os.version: &amp;apos;6.1&amp;apos;, java.version: &amp;apos;1.8.0_181&amp;apos;
Driver info: driver.version: HtmlUnitDriver">
      <![CDATA[org.openqa.selenium.ElementNotInteractableException: You may only interact with visible elements
Build info: version: '3.13.0', revision: '2f0d292', time: '2018-06-25T15:32:19.891Z'
System info: host: 'MANUELFVALLESS', ip: '192.168.0.145', os.name: 'Windows 7', os.arch: 'amd64', os.version: '6.1', java.version: '1.8.0_181'
Driver info: driver.version: HtmlUnitDriver
	at org.openqa.selenium.htmlunit.HtmlUnitWebElement.verifyCanInteractWithElement(HtmlUnitWebElement.java:260)
	at org.openqa.selenium.htmlunit.HtmlUnitKeyboard.sendKeys(HtmlUnitKeyboard.java:49)
	at org.openqa.selenium.htmlunit.HtmlUnitDriver.lambda$sendKeys$7(HtmlUnitDriver.java:472)
	at org.openqa.selenium.htmlunit.HtmlUnitDriver.lambda$runAsync$0(HtmlUnitDriver.java:424)
	at java.lang.Thread.run(Unknown Source)
]]>
    </failure>
  </testcase> <!-- testJenkins -->
</testsuite> <!-- Default test -->
